2025-10-22 12:54:59 DEBUG:busco.run_BUSCO	Command line: /opt/homebrew/Caskroom/miniforge/base/envs/phylo/bin/busco -i genomes/chicken_genome/ncbi_dataset/data/GCF_000002315.5/GCF_000002315.5_GRCg6a_genomic.fna -l sauropsida_odb12 -o busco_out/chicken -m genome --cpu 4 -f
2025-10-22 12:54:59 INFO:busco.run_BUSCO	***** Start a BUSCO v6.0.0 analysis, current time: 10/22/2025 12:54:59 *****
2025-10-22 12:54:59 DEBUG:busco.ConfigManager	Getting config file
2025-10-22 12:54:59 INFO:busco.ConfigManager	Configuring BUSCO with local environment
2025-10-22 12:54:59 INFO:busco.BuscoConfig	Running genome mode
2025-10-22 12:54:59 INFO:busco.BuscoConfig	'Force' option selected; overwriting previous results directory
2025-10-22 12:55:00 INFO:busco.BuscoDownloadManager	Downloading information on latest versions of BUSCO data...
2025-10-22 12:55:04 DEBUG:busco.BuscoConfig	State of BUSCO config before run:
2025-10-22 12:55:04 DEBUG:busco.BuscoConfig	{'_allow_no_value': False,
 '_comment_prefixes': ('#', ';'),
 '_converters': <configparser.ConverterMapping object at 0x10ab03090>,
 '_defaults': {},
 '_delimiters': ('=', ':'),
 '_dict': <class 'dict'>,
 '_empty_lines_in_values': True,
 '_inline_comment_prefixes': (),
 '_input_filepath': 'genomes/chicken_genome/ncbi_dataset/data/GCF_000002315.5/GCF_000002315.5_GRCg6a_genomic.fna',
 '_interpolation': <configparser.BasicInterpolation object at 0x1056d66d0>,
 '_mode': 'genome',
 '_optcre': re.compile('\n        (?P<option>.*?)                    # very permissive!\n        \\s*(?P<vi>=|:)\\s*              # any number of space/tab,\n                                           # followed by any of t, re.VERBOSE),
 '_proxies': {'DEFAULT': <Section: DEFAULT>,
              'augustus': <Section: augustus>,
              'bbtools': <Section: bbtools>,
              'busco_run': <Section: busco_run>,
              'etraining': <Section: etraining>,
              'gff2gbSmallDNA.pl': <Section: gff2gbSmallDNA.pl>,
              'hmmsearch': <Section: hmmsearch>,
              'makeblastdb': <Section: makeblastdb>,
              'metaeuk': <Section: metaeuk>,
              'miniprot': <Section: miniprot>,
              'new_species.pl': <Section: new_species.pl>,
              'optimize_augustus.pl': <Section: optimize_augustus.pl>,
              'prodigal': <Section: prodigal>,
              'sepp': <Section: sepp>,
              'tblastn': <Section: tblastn>},
 '_sections': {'augustus': {'command': '', 'path': ''},
               'bbtools': {'command': '', 'path': ''},
               'busco_run': {'auto-lineage': 'False',
                             'auto-lineage-euk': 'False',
                             'auto-lineage-prok': 'False',
                             'batch_mode': 'False',
                             'cpu': '4',
                             'datasets_version': 'odb12',
                             'download_base_url': 'https://busco-data.ezlab.org/v5/data/',
                             'download_path': '/Users/ken/Documents/wk/master-birder-paper/phylo1/busco_downloads',
                             'force': 'True',
                             'in': '/Users/ken/Documents/wk/master-birder-paper/phylo1/genomes/chicken_genome/ncbi_dataset/data/GCF_000002315.5/GCF_000002315.5_GRCg6a_genomic.fna',
                             'lineage_dataset': 'sauropsida_odb12',
                             'main_out': 'busco_out/chicken',
                             'mode': 'genome',
                             'offline': 'False',
                             'opt-out-run-stats': 'False',
                             'out': 'busco_out/chicken',
                             'out_path': '/Users/ken/Documents/wk/master-birder-paper/phylo1',
                             'plot_percentages': 'False',
                             'quiet': 'False',
                             'restart': 'False',
                             'skip_bbtools': 'False',
                             'tar': 'False',
                             'use_augustus': 'False',
                             'use_metaeuk': 'False',
                             'use_miniprot': 'False'},
               'etraining': {'command': '', 'path': ''},
               'gff2gbSmallDNA.pl': {'command': '', 'path': ''},
               'hmmsearch': {'command': '', 'path': ''},
               'makeblastdb': {'command': '', 'path': ''},
               'metaeuk': {'command': '', 'path': ''},
               'miniprot': {'command': '', 'path': ''},
               'new_species.pl': {'command': '', 'path': ''},
               'optimize_augustus.pl': {'command': '', 'path': ''},
               'prodigal': {'command': '', 'path': ''},
               'sepp': {'command': '', 'path': ''},
               'tblastn': {'command': '', 'path': ''}},
 '_strict': True,
 'conf_file': 'local environment',
 'default_section': 'DEFAULT',
 'downloader': <busco.BuscoDownloadManager.BuscoDownloadManager object at 0x10b4be3d0>,
 'main_out': 'busco_out/chicken',
 'params': {'augustus_parameters': None,
            'augustus_species': None,
            'auto-lineage': False,
            'auto-lineage-euk': False,
            'auto-lineage-prok': False,
            'config_file': None,
            'contig_break': None,
            'cpu': 4,
            'datasets_version': None,
            'download': '==SUPPRESS==',
            'download_base_url': None,
            'download_path': None,
            'evalue': None,
            'force': True,
            'help': '==SUPPRESS==',
            'in': 'genomes/chicken_genome/ncbi_dataset/data/GCF_000002315.5/GCF_000002315.5_GRCg6a_genomic.fna',
            'limit': None,
            'lineage_dataset': 'sauropsida_odb12',
            'list_datasets': '==SUPPRESS==',
            'long': False,
            'metaeuk_parameters': None,
            'metaeuk_rerun_parameters': None,
            'mode': 'genome',
            'offline': False,
            'opt-out-run-stats': False,
            'out': 'busco_out/chicken',
            'out_path': None,
            'plot': '==SUPPRESS==',
            'plot_percentages': False,
            'quiet': False,
            'restart': False,
            'scaffold_composition': False,
            'skip_bbtools': False,
            'tar': False,
            'use_augustus': False,
            'use_metaeuk': False,
            'use_miniprot': False,
            'version': '==SUPPRESS=='},
 'run_stats': {'cpu': 4,
               'force': True,
               'lineage_dataset': ['sauropsida_odb12'],
               'mode': 'genome'}}
2025-10-22 12:55:04 INFO:busco.BuscoRunner	Input file is /Users/ken/Documents/wk/master-birder-paper/phylo1/genomes/chicken_genome/ncbi_dataset/data/GCF_000002315.5/GCF_000002315.5_GRCg6a_genomic.fna
2025-10-22 12:55:04 INFO:busco.BuscoDownloadManager	The local file or folder /Users/ken/Documents/wk/master-birder-paper/phylo1/busco_downloads/lineages/sauropsida_odb12 is the last available version.
2025-10-22 12:55:04 DEBUG:busco.analysis.BuscoAnalysis	Check all required tools are accessible...
2025-10-22 12:55:05 DEBUG:busco.analysis.BuscoAnalysis	Checking dataset for HMM profiles
2025-10-22 12:55:06 INFO:busco.analysis.BuscoAnalysis	Running BUSCO using lineage dataset sauropsida_odb12 (eukaryota, 2025-07-01)
2025-10-22 12:55:06 INFO:busco.busco_tools.Toolset	Running 1 job(s) on bbtools, starting at 10/22/2025 12:55:06
2025-10-22 12:55:07 DEBUG:busco.busco_tools.Toolset	cmd call: stats.sh format=2 in=/Users/ken/Documents/wk/master-birder-paper/phylo1/genomes/chicken_genome/ncbi_dataset/data/GCF_000002315.5/GCF_000002315.5_GRCg6a_genomic.fna n=10
2025-10-22 12:55:10 INFO:busco.busco_tools.Toolset	[bbtools]	1 of 1 task(s) completed
2025-10-22 12:55:10 DEBUG:busco.busco_tools.base	Tool: miniprot_index
2025-10-22 12:55:10 DEBUG:busco.busco_tools.base	Version: 0.18-r281
2025-10-22 12:55:10 INFO:busco.busco_tools.Toolset	Running 1 job(s) on miniprot_index, starting at 10/22/2025 12:55:10
2025-10-22 12:55:11 DEBUG:busco.busco_tools.Toolset	cmd call: miniprot -t 4 -d busco_out/chicken/run_sauropsida_odb12/miniprot_output/ref.mpi /Users/ken/Documents/wk/master-birder-paper/phylo1/genomes/chicken_genome/ncbi_dataset/data/GCF_000002315.5/GCF_000002315.5_GRCg6a_genomic.fna
