chicken: Found 6083 single-copy BUSCO genes
hummingbird: Found 5989 single-copy BUSCO genes
duck: Found 6064 single-copy BUSCO genes
lizard: Found 5837 single-copy BUSCO genes

Genes present in ALL species: 5661
Extracted 100 genes...
Extracted 200 genes...
Extracted 300 genes...
Extracted 400 genes...
Extracted 500 genes...
Extracted 600 genes...
Extracted 700 genes...
Extracted 800 genes...
Extracted 900 genes...
Extracted 1000 genes...
Extracted 1100 genes...
Extracted 1200 genes...
Extracted 1300 genes...
Extracted 1400 genes...
Extracted 1500 genes...
Extracted 1600 genes...
Extracted 1700 genes...
Extracted 1800 genes...
Extracted 1900 genes...
Extracted 2000 genes...
Extracted 2100 genes...
Extracted 2200 genes...
Extracted 2300 genes...
Extracted 2400 genes...
Extracted 2500 genes...
Extracted 2600 genes...
Extracted 2700 genes...
Extracted 2800 genes...
Extracted 2900 genes...
Extracted 3000 genes...
Extracted 3100 genes...
Extracted 3200 genes...
Extracted 3300 genes...
Extracted 3400 genes...
Extracted 3500 genes...
Extracted 3600 genes...
Extracted 3700 genes...
Extracted 3800 genes...
Extracted 3900 genes...
Extracted 4000 genes...
Extracted 4100 genes...
Extracted 4200 genes...
Extracted 4300 genes...
Extracted 4400 genes...
Extracted 4500 genes...
Extracted 4600 genes...
Extracted 4700 genes...
Extracted 4800 genes...
Extracted 4900 genes...
Extracted 5000 genes...
Extracted 5100 genes...
Extracted 5200 genes...
Extracted 5300 genes...
Extracted 5400 genes...
Extracted 5500 genes...
Extracted 5600 genes...

Successfully extracted 5661 orthologous genes!
Gene files saved in: orthologous_genes
